<?xml version="1.0" encoding="UTF-8"?>
<!-- Generated by org.testng.reporters.JUnitXMLReporter -->
<testsuite ignored="0" hostname="LAPTOP-6H9LFFUF" failures="0" tests="8" name="Default test" time="0.102" errors="0" timestamp="2021-07-30T17:34:39 IST">
  <testcase classname="MavProj.RestAssured" name="DeleteTwitter" time="0.01"/>
  <testcase classname="MavProj.RestAssured" name="PostJitra" time="0.001"/>
  <testcase classname="MavProj.SeleniumTest" name="BrowserTest" time="0.001"/>
  <testcase classname="MavProj.SeleniumTest" name="ElementsUI" time="0.001"/>
  <testcase classname="MavProj.SeleniumTest2" name="BrowserTest" time="0.001"/>
  <testcase classname="MavProj.SeleniumTest2" name="ElementsUI" time="0.001"/>
  <testcase classname="MavProj.AppiumTest" name="IOSApp" time="0.001"/>
  <testcase classname="MavProj.AppiumTest" name="NativeAppAndroid" time="0.001"/>
</testsuite> <!-- Default test -->
