<?xml version="1.0" encoding="UTF-8"?>
<testng-results ignored="0" total="0" passed="0" failed="0" skipped="0">
  <reporter-output>
  </reporter-output>
  <suite started-at="2021-07-30T13:17:03Z" name="Suite" finished-at="2021-07-30T13:17:03Z" duration-ms="4">
    <groups>
    </groups>
    <test started-at="2021-07-30T13:17:03Z" name="Test" finished-at="2021-07-30T13:17:03Z" duration-ms="4">
      <class name="MavProj.SeleniumzTest">
        <test-method is-config="true" signature="BrowserTest()[pri:0, instance:MavProj.SeleniumzTest@f09733f]" started-at="2021-07-30T18:47:03Z" name="BrowserTest" finished-at="2021-07-30T18:47:03Z" duration-ms="0" status="PASS">
          <reporter-output>
          </reporter-output>
        </test-method> <!-- BrowserTest -->
        <test-method is-config="true" signature="ElementsUI()[pri:0, instance:MavProj.SeleniumzTest@f09733f]" started-at="2021-07-30T18:47:03Z" name="ElementsUI" finished-at="2021-07-30T18:47:03Z" duration-ms="1" status="PASS">
          <reporter-output>
          </reporter-output>
        </test-method> <!-- ElementsUI -->
      </class> <!-- MavProj.SeleniumzTest -->
      <class name="MavProj.SeleniumTest">
        <test-method is-config="true" signature="BrowserTest()[pri:0, instance:MavProj.SeleniumTest@4686afc2]" started-at="2021-07-30T18:47:03Z" name="BrowserTest" finished-at="2021-07-30T18:47:03Z" duration-ms="11" status="PASS">
          <reporter-output>
          </reporter-output>
        </test-method> <!-- BrowserTest -->
        <test-method is-config="true" signature="ElementsUI()[pri:0, instance:MavProj.SeleniumTest@4686afc2]" started-at="2021-07-30T18:47:03Z" name="ElementsUI" finished-at="2021-07-30T18:47:03Z" duration-ms="0" status="PASS">
          <reporter-output>
          </reporter-output>
        </test-method> <!-- ElementsUI -->
      </class> <!-- MavProj.SeleniumTest -->
      <class name="MavProj.AppiumTest">
        <test-method is-config="true" signature="NativeAppAndroid()[pri:0, instance:MavProj.AppiumTest@1e0b4072]" started-at="2021-07-30T18:47:03Z" name="NativeAppAndroid" finished-at="2021-07-30T18:47:03Z" duration-ms="0" status="PASS">
          <reporter-output>
          </reporter-output>
        </test-method> <!-- NativeAppAndroid -->
        <test-method is-config="true" signature="IOSApp()[pri:0, instance:MavProj.AppiumTest@1e0b4072]" started-at="2021-07-30T18:47:03Z" name="IOSApp" finished-at="2021-07-30T18:47:03Z" duration-ms="0" status="PASS">
          <reporter-output>
          </reporter-output>
        </test-method> <!-- IOSApp -->
      </class> <!-- MavProj.AppiumTest -->
    </test> <!-- Test -->
  </suite> <!-- Suite -->
</testng-results>
