<?xml version="1.0" encoding="UTF-8"?>
<testng-results ignored="0" total="0" passed="0" failed="0" skipped="0">
  <reporter-output>
  </reporter-output>
  <suite started-at="2021-07-30T18:44:51 IST" name="Suite" finished-at="2021-07-30T18:44:51 IST" duration-ms="14">
    <groups>
    </groups>
    <test started-at="2021-07-30T18:44:51 IST" name="Test" finished-at="2021-07-30T18:44:51 IST" duration-ms="14">
      <class name="MavProj.SeleniumzTest">
        <test-method is-config="true" signature="BrowserTest()[pri:0, instance:MavProj.SeleniumzTest@614ca7df]" started-at="2021-07-30T18:44:51 IST" name="BrowserTest" finished-at="2021-07-30T18:44:51 IST" duration-ms="1" status="PASS">
          <reporter-output>
          </reporter-output>
        </test-method> <!-- BrowserTest -->
        <test-method is-config="true" signature="ElementsUI()[pri:0, instance:MavProj.SeleniumzTest@614ca7df]" started-at="2021-07-30T18:44:51 IST" name="ElementsUI" finished-at="2021-07-30T18:44:51 IST" duration-ms="0" status="PASS">
          <reporter-output>
          </reporter-output>
        </test-method> <!-- ElementsUI -->
      </class> <!-- MavProj.SeleniumzTest -->
      <class name="MavProj.SeleniumTest">
        <test-method is-config="true" signature="BrowserTest()[pri:0, instance:MavProj.SeleniumTest@6cd28fa7]" started-at="2021-07-30T18:44:51 IST" name="BrowserTest" finished-at="2021-07-30T18:44:51 IST" duration-ms="13" status="PASS">
          <reporter-output>
          </reporter-output>
        </test-method> <!-- BrowserTest -->
        <test-method is-config="true" signature="ElementsUI()[pri:0, instance:MavProj.SeleniumTest@6cd28fa7]" started-at="2021-07-30T18:44:51 IST" name="ElementsUI" finished-at="2021-07-30T18:44:51 IST" duration-ms="1" status="PASS">
          <reporter-output>
          </reporter-output>
        </test-method> <!-- ElementsUI -->
      </class> <!-- MavProj.SeleniumTest -->
      <class name="MavProj.AppiumTest">
        <test-method is-config="true" signature="NativeAppAndroid()[pri:0, instance:MavProj.AppiumTest@73e22a3d]" started-at="2021-07-30T18:44:51 IST" name="NativeAppAndroid" finished-at="2021-07-30T18:44:51 IST" duration-ms="0" status="PASS">
          <reporter-output>
          </reporter-output>
        </test-method> <!-- NativeAppAndroid -->
        <test-method is-config="true" signature="IOSApp()[pri:0, instance:MavProj.AppiumTest@73e22a3d]" started-at="2021-07-30T18:44:51 IST" name="IOSApp" finished-at="2021-07-30T18:44:51 IST" duration-ms="0" status="PASS">
          <reporter-output>
          </reporter-output>
        </test-method> <!-- IOSApp -->
      </class> <!-- MavProj.AppiumTest -->
    </test> <!-- Test -->
  </suite> <!-- Suite -->
</testng-results>
